This file contains any messages produced by compilers while
running configure, to aid debugging if configure makes a mistake.

It was created by OpenJDK configure openjdk, which was
generated by GNU Autoconf 2.69.  Invocation command line was

  $ /Users/chunrun/CLionProjects/jdk12/configure --enable-option-checking=fatal

## --------- ##
## Platform. ##
## --------- ##

hostname = hechunrundeMBP
uname -m = x86_64
uname -r = 21.4.0
uname -s = Darwin
uname -v = Darwin Kernel Version 21.4.0: Fri Mar 18 00:45:05 PDT 2022; root:xnu-8020.101.4~15/RELEASE_X86_64

/usr/bin/uname -p = i386
/bin/uname -X     = unknown

/bin/arch              = unknown
/usr/bin/arch -k       = unknown
/usr/convex/getsysinfo = unknown
/usr/bin/hostinfo      = Mach kernel version:
	 Darwin Kernel Version 21.4.0: Fri Mar 18 00:45:05 PDT 2022; root:xnu-8020.101.4~15/RELEASE_X86_64
Kernel configured for up to 12 processors.
6 processors are physically available.
12 processors are logically available.
Processor type: x86_64h (Intel x86-64h Haswell)
Processors active: 0 1 2 3 4 5 6 7 8 9 10 11
Primary memory available: 16.00 gigabytes
Default processor set: 698 tasks, 4837 threads, 12 processors
Load average: 9.48, Mach factor: 4.14
/bin/machine           = unknown
/usr/bin/oslevel       = unknown
/bin/universe          = unknown

PATH: /Users/chunrun/.jenv/shims
PATH: /Users/chunrun/.jenv/bin
PATH: /Users/chunrun/.cargo/bin
PATH: /usr/local/bin
PATH: /usr/bin
PATH: /bin
PATH: /usr/sbin
PATH: /sbin
PATH: /usr/local/share/dotnet
PATH: ~/.dotnet/tools
PATH: /Library/Apple/usr/bin


## ----------- ##
## Core tests. ##
## ----------- ##

configure:5526: Configuration created at Mon Apr 25 13:57:04 CST 2022.
configure:5547: checking for basename
configure:5565: found /usr/bin/basename
configure:5577: result: /usr/bin/basename
configure:5809: checking for bash
configure:5839: result: /bin/bash
configure:5955: checking for cat
configure:5973: found /bin/cat
configure:5985: result: /bin/cat
configure:6159: checking for chmod
configure:6177: found /bin/chmod
configure:6189: result: /bin/chmod
configure:6363: checking for cmp
configure:6381: found /usr/bin/cmp
configure:6393: result: /usr/bin/cmp
configure:6567: checking for comm
configure:6585: found /usr/bin/comm
configure:6597: result: /usr/bin/comm
configure:6771: checking for cp
configure:6789: found /bin/cp
configure:6801: result: /bin/cp
configure:6975: checking for cut
configure:6993: found /usr/bin/cut
configure:7005: result: /usr/bin/cut
configure:7179: checking for date
configure:7197: found /bin/date
configure:7209: result: /bin/date
configure:7383: checking for gdiff
configure:7416: result: no
configure:7383: checking for diff
configure:7401: found /usr/bin/diff
configure:7413: result: /usr/bin/diff
configure:7587: checking for dirname
configure:7605: found /usr/bin/dirname
configure:7617: result: /usr/bin/dirname
configure:7791: checking for echo
configure:7809: found /bin/echo
configure:7821: result: /bin/echo
configure:7995: checking for expr
configure:8013: found /bin/expr
configure:8025: result: /bin/expr
configure:8199: checking for file
configure:8217: found /usr/bin/file
configure:8229: result: /usr/bin/file
configure:8403: checking for find
configure:8421: found /usr/bin/find
configure:8433: result: /usr/bin/find
configure:8607: checking for head
configure:8625: found /usr/bin/head
configure:8637: result: /usr/bin/head
configure:8811: checking for gunzip
configure:8829: found /usr/bin/gunzip
configure:8841: result: /usr/bin/gunzip
configure:9015: checking for pigz
configure:9048: result: no
configure:9015: checking for gzip
configure:9033: found /usr/bin/gzip
configure:9045: result: /usr/bin/gzip
configure:9219: checking for ln
configure:9237: found /bin/ln
configure:9249: result: /bin/ln
configure:9423: checking for ls
configure:9441: found /bin/ls
configure:9453: result: /bin/ls
configure:9628: checking for gmkdir
configure:9661: result: no
configure:9628: checking for mkdir
configure:9646: found /bin/mkdir
configure:9658: result: /bin/mkdir
configure:9832: checking for mktemp
configure:9850: found /usr/bin/mktemp
configure:9862: result: /usr/bin/mktemp
configure:10036: checking for mv
configure:10054: found /bin/mv
configure:10066: result: /bin/mv
configure:10240: checking for nawk
configure:10273: result: no
configure:10240: checking for gawk
configure:10273: result: no
configure:10240: checking for awk
configure:10258: found /usr/bin/awk
configure:10270: result: /usr/bin/awk
configure:10444: checking for printf
configure:10462: found /usr/bin/printf
configure:10474: result: /usr/bin/printf
configure:10648: checking for greadlink
configure:10681: result: no
configure:10648: checking for readlink
configure:10666: found /usr/bin/readlink
configure:10678: result: /usr/bin/readlink
configure:10852: checking for rm
configure:10870: found /bin/rm
configure:10882: result: /bin/rm
configure:11056: checking for rmdir
configure:11074: found /bin/rmdir
configure:11086: result: /bin/rmdir
configure:11260: checking for sh
configure:11278: found /bin/sh
configure:11290: result: /bin/sh
configure:11464: checking for sort
configure:11482: found /usr/bin/sort
configure:11494: result: /usr/bin/sort
configure:11668: checking for tail
configure:11686: found /usr/bin/tail
configure:11698: result: /usr/bin/tail
configure:11872: checking for gtar
configure:11905: result: no
configure:11872: checking for tar
configure:11890: found /usr/bin/tar
configure:11902: result: /usr/bin/tar
configure:12076: checking for tee
configure:12094: found /usr/bin/tee
configure:12106: result: /usr/bin/tee
configure:12280: checking for touch
configure:12298: found /usr/bin/touch
configure:12310: result: /usr/bin/touch
configure:12484: checking for tr
configure:12502: found /usr/bin/tr
configure:12514: result: /usr/bin/tr
configure:12688: checking for uname
configure:12706: found /usr/bin/uname
configure:12718: result: /usr/bin/uname
configure:12892: checking for uniq
configure:12910: found /usr/bin/uniq
configure:12922: result: /usr/bin/uniq
configure:13096: checking for wc
configure:13114: found /usr/bin/wc
configure:13126: result: /usr/bin/wc
configure:13300: checking for which
configure:13318: found /usr/bin/which
configure:13330: result: /usr/bin/which
configure:13504: checking for xargs
configure:13522: found /usr/bin/xargs
configure:13534: result: /usr/bin/xargs
configure:13709: checking for gawk
configure:13739: result: no
configure:13709: checking for mawk
configure:13739: result: no
configure:13709: checking for nawk
configure:13739: result: no
configure:13709: checking for awk
configure:13725: found /usr/bin/awk
configure:13736: result: awk
configure:13901: checking for grep that handles long lines and -e
configure:13959: result: /usr/bin/grep
configure:14139: checking for egrep
configure:14201: result: /usr/bin/grep -E
configure:14385: checking for fgrep
configure:14447: result: /usr/bin/grep -F
configure:14631: checking for a sed that does not truncate output
configure:14695: result: /usr/bin/sed
configure:14894: checking for cygpath
configure:14927: result: no
configure:15091: checking for df
configure:15109: found /bin/df
configure:15121: result: /bin/df
configure:15288: checking for cpio
configure:15306: found /usr/bin/cpio
configure:15318: result: /usr/bin/cpio
configure:15485: checking for nice
configure:15503: found /usr/bin/nice
configure:15515: result: /usr/bin/nice
configure:15683: checking for pandoc
configure:15716: result: no
configure:15883: checking build system type
configure:15897: result: x86_64-apple-darwin21.4.0
configure:15917: checking host system type
configure:15930: result: x86_64-apple-darwin21.4.0
configure:15950: checking target system type
configure:15963: result: x86_64-apple-darwin21.4.0
configure:16203: checking openjdk-build os-cpu
configure:16205: result: macosx-x86_64
configure:16405: checking openjdk-target os-cpu
configure:16407: result: macosx-x86_64
configure:16457: checking compilation type
configure:16459: result: native
configure:16920: checking for top-level directory
configure:16922: result: /Users/chunrun/CLionProjects/jdk12
configure:17211: checking if custom source is suppressed (openjdk-only)
configure:17213: result: no
configure:17227: checking which debug level to use
configure:17251: result: release
configure:17309: checking which variants of the JVM to build
configure:17314: result: server
configure:17777: checking for sdk name
configure:17786: result: 
configure:17807: error: No xcodebuild tool and no system framework headers found, use --with-sysroot or --with-sdk-name to provide a path to a valid SDK
